::1 - - [09/Mar/2022:17:36:54 +0100] "GET /phpmyadmin/index.php?route=/database/structure&&server=1&db=eztest&table= HTTP/1.1" 200 4664
::1 - - [09/Mar/2022:17:36:55 +0100] "GET /phpmyadmin/themes/pmahomme/jquery/jquery-ui.css HTTP/1.1" 200 36566
::1 - - [09/Mar/2022:17:36:55 +0100] "GET /phpmyadmin/js/vendor/codemirror/addon/hint/show-hint.css?v=5.1.1 HTTP/1.1" 200 623
::1 - - [09/Mar/2022:17:36:55 +0100] "GET /phpmyadmin/js/vendor/codemirror/lib/codemirror.css?v=5.1.1 HTTP/1.1" 200 8722
::1 - - [09/Mar/2022:17:36:55 +0100] "GET /phpmyadmin/themes/pmahomme/css/theme.css?v=5.1.1&nocache=-553782190ltr&server=1 HTTP/1.1" 200 214799
::1 - - [09/Mar/2022:17:36:55 +0100] "GET /phpmyadmin/js/vendor/sprintf.js?v=5.1.1 HTTP/1.1" 200 7409
::1 - - [09/Mar/2022:17:36:55 +0100] "GET /phpmyadmin/js/vendor/jquery/jquery-migrate.js?v=5.1.1 HTTP/1.1" 200 25300
::1 - - [09/Mar/2022:17:36:55 +0100] "GET /phpmyadmin/js/dist/ajax.js?v=5.1.1 HTTP/1.1" 200 31313
::1 - - [09/Mar/2022:17:36:55 +0100] "GET /phpmyadmin/js/vendor/codemirror/addon/lint/lint.css?v=5.1.1 HTTP/1.1" 200 2878
::1 - - [09/Mar/2022:17:36:55 +0100] "GET /phpmyadmin/js/dist/keyhandler.js?v=5.1.1 HTTP/1.1" 200 3003
::1 - - [09/Mar/2022:17:36:55 +0100] "GET /phpmyadmin/js/vendor/jquery/jquery.mousewheel.js?v=5.1.1 HTTP/1.1" 200 8267
::1 - - [09/Mar/2022:17:36:55 +0100] "GET /phpmyadmin/js/vendor/js.cookie.js?v=5.1.1 HTTP/1.1" 200 3883
::1 - - [09/Mar/2022:17:36:55 +0100] "GET /phpmyadmin/js/vendor/jquery/jquery.min.js?v=5.1.1 HTTP/1.1" 200 89476
::1 - - [09/Mar/2022:17:36:56 +0100] "GET /phpmyadmin/js/vendor/jquery/jquery.ba-hashchange-2.0.js?v=5.1.1 HTTP/1.1" 200 10505
::1 - - [09/Mar/2022:17:36:56 +0100] "GET /phpmyadmin/js/vendor/jquery/jquery.validate.js?v=5.1.1 HTTP/1.1" 200 50963
::1 - - [09/Mar/2022:17:36:55 +0100] "GET /phpmyadmin/js/vendor/bootstrap/bootstrap.bundle.min.js?v=5.1.1 HTTP/1.1" 200 84152
::1 - - [09/Mar/2022:17:36:56 +0100] "GET /phpmyadmin/js/vendor/jquery/jquery.debounce-1.0.6.js?v=5.1.1 HTTP/1.1" 200 1608
::1 - - [09/Mar/2022:17:36:56 +0100] "GET /phpmyadmin/js/vendor/jquery/jquery-ui-timepicker-addon.js?v=5.1.1 HTTP/1.1" 200 78475
::1 - - [09/Mar/2022:17:36:56 +0100] "GET /phpmyadmin/js/dist/menu_resizer.js?v=5.1.1 HTTP/1.1" 200 5644
::1 - - [09/Mar/2022:17:36:56 +0100] "GET /phpmyadmin/js/dist/cross_framing_protection.js?v=5.1.1 HTTP/1.1" 200 419
::1 - - [09/Mar/2022:17:36:56 +0100] "GET /phpmyadmin/js/dist/rte.js?v=5.1.1 HTTP/1.1" 200 40074
::1 - - [09/Mar/2022:17:36:56 +0100] "GET /phpmyadmin/js/dist/error_report.js?v=5.1.1 HTTP/1.1" 200 9621
::1 - - [09/Mar/2022:17:36:56 +0100] "GET /phpmyadmin/js/vendor/tracekit.js?v=5.1.1 HTTP/1.1" 200 45389
::1 - - [09/Mar/2022:17:36:56 +0100] "GET /phpmyadmin/js/dist/doclinks.js?v=5.1.1 HTTP/1.1" 200 18275
::1 - - [09/Mar/2022:17:36:56 +0100] "GET /phpmyadmin/js/dist/config.js?v=5.1.1 HTTP/1.1" 200 24956
::1 - - [09/Mar/2022:17:36:55 +0100] "GET /phpmyadmin/js/vendor/jquery/jquery-ui.min.js?v=5.1.1 HTTP/1.1" 200 253669
::1 - - [09/Mar/2022:17:36:56 +0100] "GET /phpmyadmin/js/dist/common.js?v=5.1.1 HTTP/1.1" 200 4367
::1 - - [09/Mar/2022:17:36:56 +0100] "GET /phpmyadmin/js/dist/indexes.js?v=5.1.1 HTTP/1.1" 200 26344
::1 - - [09/Mar/2022:17:36:56 +0100] "GET /phpmyadmin/js/dist/navigation.js?v=5.1.1 HTTP/1.1" 200 54678
::1 - - [09/Mar/2022:17:36:56 +0100] "GET /phpmyadmin/js/dist/functions.js?v=5.1.1 HTTP/1.1" 200 160967
::1 - - [09/Mar/2022:17:36:56 +0100] "GET /phpmyadmin/js/dist/page_settings.js?v=5.1.1 HTTP/1.1" 200 1568
::1 - - [09/Mar/2022:17:36:56 +0100] "GET /phpmyadmin/js/dist/shortcuts_handler.js?v=5.1.1 HTTP/1.1" 200 3326
::1 - - [09/Mar/2022:17:36:56 +0100] "GET /phpmyadmin/js/dist/drag_drop_import.js?v=5.1.1 HTTP/1.1" 200 12308
::1 - - [09/Mar/2022:17:36:56 +0100] "GET /phpmyadmin/js/vendor/codemirror/addon/runmode/runmode.js?v=5.1.1 HTTP/1.1" 200 2773
::1 - - [09/Mar/2022:17:36:56 +0100] "GET /phpmyadmin/js/vendor/codemirror/mode/sql/sql.js?v=5.1.1 HTTP/1.1" 200 47998
::1 - - [09/Mar/2022:17:36:56 +0100] "GET /phpmyadmin/js/vendor/codemirror/addon/hint/sql-hint.js?v=5.1.1 HTTP/1.1" 200 9604
::1 - - [09/Mar/2022:17:36:56 +0100] "GET /phpmyadmin/js/dist/codemirror/addon/lint/sql-lint.js?v=5.1.1 HTTP/1.1" 200 959
::1 - - [09/Mar/2022:17:36:56 +0100] "GET /phpmyadmin/js/vendor/codemirror/addon/hint/show-hint.js?v=5.1.1 HTTP/1.1" 200 19089
::1 - - [09/Mar/2022:17:36:56 +0100] "GET /phpmyadmin/js/vendor/codemirror/addon/lint/lint.js?v=5.1.1 HTTP/1.1" 200 9125
::1 - - [09/Mar/2022:17:36:56 +0100] "GET /phpmyadmin/js/dist/console.js?v=5.1.1 HTTP/1.1" 200 49656
::1 - - [09/Mar/2022:17:36:56 +0100] "GET /phpmyadmin/js/vendor/codemirror/lib/codemirror.js?v=5.1.1 HTTP/1.1" 200 398364
::1 - - [09/Mar/2022:17:36:56 +0100] "GET /phpmyadmin/js/messages.php?l=en&v=5.1.1 HTTP/1.1" 200 7921
::1 - - [09/Mar/2022:17:36:56 +0100] "GET /phpmyadmin/themes/pmahomme/img/logo_right.png HTTP/1.1" 200 4306
::1 - - [09/Mar/2022:17:36:56 +0100] "GET /phpmyadmin/themes/dot.gif HTTP/1.1" 200 43
::1 - - [09/Mar/2022:17:36:56 +0100] "GET /phpmyadmin/themes/pmahomme/css/printview.css?v=5.1.1 HTTP/1.1" 200 1392
::1 - - [09/Mar/2022:17:36:56 +0100] "GET /phpmyadmin/themes/pmahomme/img/b_help.png HTTP/1.1" 200 705
::1 - - [09/Mar/2022:17:37:01 +0100] "POST /phpmyadmin/index.php?route=/ HTTP/1.1" 200 4776
::1 - - [09/Mar/2022:17:37:01 +0100] "GET /phpmyadmin/themes/pmahomme/img/s_error.png HTTP/1.1" 200 614
::1 - - [09/Mar/2022:17:37:03 +0100] "POST /phpmyadmin/index.php?route=/ HTTP/1.1" 200 4777
::1 - - [09/Mar/2022:17:37:05 +0100] "POST /phpmyadmin/index.php?route=/ HTTP/1.1" 200 4699
::1 - - [09/Mar/2022:17:37:06 +0100] "POST /phpmyadmin/index.php?route=/ HTTP/1.1" 302 20
::1 - - [09/Mar/2022:17:37:07 +0100] "GET /phpmyadmin/index.php?route=/&route=%2F&db=eztest HTTP/1.1" 200 12067
::1 - - [09/Mar/2022:17:37:07 +0100] "GET /phpmyadmin/themes/pmahomme/css/theme.css?v=5.1.1&nocache=-1643647675ltr&server=1 HTTP/1.1" 200 214799
::1 - - [09/Mar/2022:17:37:07 +0100] "GET /phpmyadmin/js/dist/database/structure.js?v=5.1.1 HTTP/1.1" 200 15663
::1 - - [09/Mar/2022:17:37:07 +0100] "GET /phpmyadmin/js/dist/table/change.js?v=5.1.1 HTTP/1.1" 200 28848
::1 - - [09/Mar/2022:17:37:07 +0100] "GET /phpmyadmin/themes/pmahomme/img/logo_left.png HTTP/1.1" 200 2713
::1 - - [09/Mar/2022:17:37:07 +0100] "GET /phpmyadmin/themes/pmahomme/img/arrow_ltr.png HTTP/1.1" 200 101
::1 - - [09/Mar/2022:17:37:07 +0100] "GET /phpmyadmin/themes/pmahomme/img/left_nav_bg.png HTTP/1.1" 200 146
::1 - - [09/Mar/2022:17:37:07 +0100] "GET /phpmyadmin/themes/pmahomme/img/b_home.png HTTP/1.1" 200 734
::1 - - [09/Mar/2022:17:37:07 +0100] "GET /phpmyadmin/themes/pmahomme/img/b_docs.png HTTP/1.1" 200 705
::1 - - [09/Mar/2022:17:37:07 +0100] "GET /phpmyadmin/themes/pmahomme/img/s_loggoff.png HTTP/1.1" 200 626
::1 - - [09/Mar/2022:17:37:07 +0100] "GET /phpmyadmin/themes/pmahomme/img/b_sqlhelp.png HTTP/1.1" 200 512
::1 - - [09/Mar/2022:17:37:07 +0100] "GET /phpmyadmin/themes/pmahomme/img/s_cog.png HTTP/1.1" 200 442
::1 - - [09/Mar/2022:17:37:07 +0100] "GET /phpmyadmin/themes/pmahomme/img/b_newdb.png HTTP/1.1" 200 585
::1 - - [09/Mar/2022:17:37:07 +0100] "GET /phpmyadmin/themes/pmahomme/img/s_reload.png HTTP/1.1" 200 527
::1 - - [09/Mar/2022:17:37:07 +0100] "GET /phpmyadmin/themes/pmahomme/img/b_plus.png HTTP/1.1" 200 143
::1 - - [09/Mar/2022:17:37:07 +0100] "GET /phpmyadmin/themes/pmahomme/img/s_db.png HTTP/1.1" 200 328
::1 - - [09/Mar/2022:17:37:07 +0100] "GET /phpmyadmin/themes/pmahomme/img/s_link.png HTTP/1.1" 200 280
::1 - - [09/Mar/2022:17:37:07 +0100] "GET /phpmyadmin/themes/pmahomme/img/s_host.png HTTP/1.1" 200 591
::1 - - [09/Mar/2022:17:37:07 +0100] "GET /phpmyadmin/themes/pmahomme/img/b_props.png HTTP/1.1" 200 573
::1 - - [09/Mar/2022:17:37:07 +0100] "GET /phpmyadmin/themes/pmahomme/img/b_import.png HTTP/1.1" 200 556
::1 - - [09/Mar/2022:17:37:07 +0100] "GET /phpmyadmin/themes/pmahomme/img/b_export.png HTTP/1.1" 200 514
::1 - - [09/Mar/2022:17:37:07 +0100] "GET /phpmyadmin/themes/pmahomme/img/b_sql.png HTTP/1.1" 200 680
::1 - - [09/Mar/2022:17:37:07 +0100] "GET /phpmyadmin/themes/pmahomme/img/b_search.png HTTP/1.1" 200 538
::1 - - [09/Mar/2022:17:37:07 +0100] "GET /phpmyadmin/themes/pmahomme/img/s_rights.png HTTP/1.1" 200 461
::1 - - [09/Mar/2022:17:37:07 +0100] "GET /phpmyadmin/themes/pmahomme/img/b_tblops.png HTTP/1.1" 200 537
::1 - - [09/Mar/2022:17:37:07 +0100] "GET /phpmyadmin/themes/pmahomme/img/b_routines.png HTTP/1.1" 200 306
::1 - - [09/Mar/2022:17:37:07 +0100] "GET /phpmyadmin/themes/pmahomme/img/b_events.png HTTP/1.1" 200 703
::1 - - [09/Mar/2022:17:37:07 +0100] "GET /phpmyadmin/themes/pmahomme/img/b_triggers.png HTTP/1.1" 200 446
::1 - - [09/Mar/2022:17:37:07 +0100] "GET /phpmyadmin/themes/pmahomme/img/s_top.png HTTP/1.1" 200 220
::1 - - [09/Mar/2022:17:37:07 +0100] "GET /phpmyadmin/themes/pmahomme/img/b_relations.png HTTP/1.1" 200 140
::1 - - [09/Mar/2022:17:37:07 +0100] "GET /phpmyadmin/themes/pmahomme/img/console.png HTTP/1.1" 200 292
::1 - - [09/Mar/2022:17:37:08 +0100] "GET /phpmyadmin/themes/pmahomme/img/bd_empty.png HTTP/1.1" 200 327
::1 - - [09/Mar/2022:17:37:08 +0100] "GET /phpmyadmin/themes/pmahomme/img/bd_browse.png HTTP/1.1" 200 271
::1 - - [09/Mar/2022:17:37:08 +0100] "GET /phpmyadmin/themes/pmahomme/img/b_no_favorite.png HTTP/1.1" 200 377
::1 - - [09/Mar/2022:17:37:08 +0100] "GET /phpmyadmin/themes/pmahomme/img/s_asc.png HTTP/1.1" 200 146
::1 - - [09/Mar/2022:17:37:08 +0100] "GET /phpmyadmin/themes/pmahomme/img/bd_select.png HTTP/1.1" 200 325
::1 - - [09/Mar/2022:17:37:08 +0100] "GET /phpmyadmin/themes/pmahomme/img/b_insrow.png HTTP/1.1" 200 157
::1 - - [09/Mar/2022:17:37:08 +0100] "GET /phpmyadmin/themes/pmahomme/img/b_drop.png HTTP/1.1" 200 637
::1 - - [09/Mar/2022:17:37:08 +0100] "GET /phpmyadmin/themes/pmahomme/img/b_print.png HTTP/1.1" 200 639
::1 - - [09/Mar/2022:17:37:08 +0100] "GET /phpmyadmin/themes/pmahomme/img/b_tblanalyse.png HTTP/1.1" 200 152
::1 - - [09/Mar/2022:17:37:08 +0100] "GET /phpmyadmin/themes/pmahomme/img/b_table_add.png HTTP/1.1" 200 571
::1 - - [09/Mar/2022:17:37:08 +0100] "GET /phpmyadmin/themes/pmahomme/img/window-new.png HTTP/1.1" 200 468
::1 - - [09/Mar/2022:17:37:08 +0100] "POST /phpmyadmin/index.php?route=/config/get HTTP/1.1" 200 1557
::1 - - [09/Mar/2022:17:37:08 +0100] "POST /phpmyadmin/index.php?route=/navigation&ajax_request=1 HTTP/1.1" 200 2257
::1 - - [09/Mar/2022:17:37:08 +0100] "GET /phpmyadmin/themes/pmahomme/img/ajax_clock_small.gif HTTP/1.1" 200 1810
::1 - - [09/Mar/2022:17:37:08 +0100] "POST /phpmyadmin/index.php?route=/config/get HTTP/1.1" 200 1648
::1 - - [09/Mar/2022:17:37:08 +0100] "GET /phpmyadmin/index.php?route=/navigation&ajax_request=1&server=1&aPath=cm9vdA%3D%3D.ZXp0ZXN0&vPath=cm9vdA%3D%3D.ZXp0ZXN0&pos=0&searchClause=&searchClause2=&_nocache=1646843828272951741&token=5f7b34423368456e5d2d31316634463c HTTP/1.1" 200 2005
::1 - - [09/Mar/2022:17:37:08 +0100] "GET /phpmyadmin/themes/pmahomme/img/b_minus.png HTTP/1.1" 200 123
::1 - - [09/Mar/2022:17:37:08 +0100] "POST /phpmyadmin/index.php?route=/config/set HTTP/1.1" 200 1549
::1 - - [09/Mar/2022:17:37:14 +0100] "GET /phpmyadmin/index.php?route=/sql&db=eztest&table=preguntas&pos=0&ajax_request=true&ajax_page_request=true&_nocache=1646843834256462643&token=5f7b34423368456e5d2d31316634463c HTTP/1.1" 200 4876
::1 - - [09/Mar/2022:17:37:14 +0100] "GET /phpmyadmin/themes/pmahomme/img/b_tblexport.png HTTP/1.1" 200 514
::1 - - [09/Mar/2022:17:37:14 +0100] "GET /phpmyadmin/themes/pmahomme/img/b_tblimport.png HTTP/1.1" 200 556
::1 - - [09/Mar/2022:17:37:14 +0100] "GET /phpmyadmin/themes/pmahomme/img/s_tbl.png HTTP/1.1" 200 645
::1 - - [09/Mar/2022:17:37:14 +0100] "GET /phpmyadmin/themes/pmahomme/img/b_browse.png HTTP/1.1" 200 486
::1 - - [09/Mar/2022:17:37:14 +0100] "GET /phpmyadmin/themes/pmahomme/img/s_success.png HTTP/1.1" 200 465
::1 - - [09/Mar/2022:17:37:14 +0100] "GET /phpmyadmin/themes/pmahomme/img/b_view_add.png HTTP/1.1" 200 678
::1 - - [09/Mar/2022:17:37:14 +0100] "GET /phpmyadmin/js/vendor/jquery/jquery.uitablefilter.js?v=5.1.1 HTTP/1.1" 200 3139
::1 - - [09/Mar/2022:17:37:14 +0100] "GET /phpmyadmin/js/dist/gis_data_editor.js?v=5.1.1 HTTP/1.1" 200 13822
::1 - - [09/Mar/2022:17:37:14 +0100] "GET /phpmyadmin/js/vendor/stickyfill.min.js?v=5.1.1 HTTP/1.1" 200 6500
::1 - - [09/Mar/2022:17:37:14 +0100] "GET /phpmyadmin/js/dist/multi_column_sort.js?v=5.1.1 HTTP/1.1" 200 1296
::1 - - [09/Mar/2022:17:37:14 +0100] "GET /phpmyadmin/index.php?route=/recent-table&ajax_request=1&recent_table=1&no_debug=true&_nocache=1646843834700960405&token=5f7b34423368456e5d2d31316634463c HTTP/1.1" 200 1612
::1 - - [09/Mar/2022:17:37:16 +0100] "GET /phpmyadmin/index.php?route=/table/structure&db=eztest&table=preguntas&ajax_request=true&ajax_page_request=true&_nocache=1646843836497312671&token=5f7b34423368456e5d2d31316634463c HTTP/1.1" 200 7727
::1 - - [09/Mar/2022:17:37:16 +0100] "GET /phpmyadmin/themes/pmahomme/img/b_more.png HTTP/1.1" 200 111
::1 - - [09/Mar/2022:17:37:16 +0100] "GET /phpmyadmin/themes/pmahomme/img/b_primary.png HTTP/1.1" 200 536
::1 - - [09/Mar/2022:17:37:16 +0100] "GET /phpmyadmin/themes/pmahomme/img/bd_primary.png HTTP/1.1" 200 294
::1 - - [09/Mar/2022:17:37:16 +0100] "GET /phpmyadmin/themes/pmahomme/img/b_edit.png HTTP/1.1" 200 377
::1 - - [09/Mar/2022:17:37:16 +0100] "GET /phpmyadmin/themes/pmahomme/img/b_unique.png HTTP/1.1" 200 583
::1 - - [09/Mar/2022:17:37:16 +0100] "GET /phpmyadmin/themes/pmahomme/img/b_index.png HTTP/1.1" 200 643
::1 - - [09/Mar/2022:17:37:16 +0100] "GET /phpmyadmin/themes/pmahomme/img/b_move.png HTTP/1.1" 200 381
::1 - - [09/Mar/2022:17:37:16 +0100] "GET /phpmyadmin/themes/pmahomme/img/normalize.png HTTP/1.1" 200 505
::1 - - [09/Mar/2022:17:37:16 +0100] "GET /phpmyadmin/themes/pmahomme/img/b_spatial.png HTTP/1.1" 200 376
::1 - - [09/Mar/2022:17:37:16 +0100] "GET /phpmyadmin/themes/pmahomme/img/b_ftext.png HTTP/1.1" 200 550
::1 - - [09/Mar/2022:17:37:16 +0100] "GET /phpmyadmin/themes/pmahomme/img/b_rename.svg HTTP/1.1" 200 881
::1 - - [09/Mar/2022:17:37:16 +0100] "GET /phpmyadmin/themes/pmahomme/img/s_notice.png HTTP/1.1" 200 567
::1 - - [09/Mar/2022:17:37:16 +0100] "GET /phpmyadmin/themes/pmahomme/img/b_tbloptimize.png HTTP/1.1" 200 153
::1 - - [09/Mar/2022:17:37:16 +0100] "GET /phpmyadmin/js/dist/table/structure.js?v=5.1.1 HTTP/1.1" 200 17046
::1 - - [09/Mar/2022:17:37:16 +0100] "GET /phpmyadmin/index.php?route=/recent-table&ajax_request=1&recent_table=1&no_debug=true&_nocache=1646843836837312262&token=5f7b34423368456e5d2d31316634463c HTTP/1.1" 200 1612
::1 - - [09/Mar/2022:17:37:28 +0100] "GET /phpmyadmin/index.php?route=/sql&server=1&db=eztest&table=tests&pos=0&ajax_request=true&ajax_page_request=true&_nocache=1646843848635134069&token=5f7b34423368456e5d2d31316634463c HTTP/1.1" 200 4857
::1 - - [09/Mar/2022:17:37:28 +0100] "GET /phpmyadmin/index.php?route=/recent-table&ajax_request=1&recent_table=1&no_debug=true&_nocache=1646843848810801495&token=5f7b34423368456e5d2d31316634463c HTTP/1.1" 200 1623
::1 - - [09/Mar/2022:17:37:29 +0100] "GET /phpmyadmin/index.php?route=/table/structure&db=eztest&table=tests&ajax_request=true&ajax_page_request=true&_nocache=1646843849687957568&token=5f7b34423368456e5d2d31316634463c HTTP/1.1" 200 7405
::1 - - [09/Mar/2022:17:37:29 +0100] "GET /phpmyadmin/index.php?route=/recent-table&ajax_request=1&recent_table=1&no_debug=true&_nocache=1646843849871464260&token=5f7b34423368456e5d2d31316634463c HTTP/1.1" 200 1623
::1 - - [09/Mar/2022:17:38:13 +0100] "GET /phpmyadmin/index.php?route=/sql&server=1&db=eztest&table=preguntas&pos=0&ajax_request=true&ajax_page_request=true&_nocache=1646843893606420634&token=5f7b34423368456e5d2d31316634463c HTTP/1.1" 200 4878
::1 - - [09/Mar/2022:17:38:13 +0100] "GET /phpmyadmin/index.php?route=/recent-table&ajax_request=1&recent_table=1&no_debug=true&_nocache=1646843893779734813&token=5f7b34423368456e5d2d31316634463c HTTP/1.1" 200 1623
::1 - - [09/Mar/2022:17:38:15 +0100] "GET /phpmyadmin/index.php?route=/table/structure&db=eztest&table=preguntas&ajax_request=true&ajax_page_request=true&_nocache=1646843895228865518&token=5f7b34423368456e5d2d31316634463c HTTP/1.1" 200 7720
::1 - - [09/Mar/2022:17:38:15 +0100] "GET /phpmyadmin/index.php?route=/recent-table&ajax_request=1&recent_table=1&no_debug=true&_nocache=1646843895405227904&token=5f7b34423368456e5d2d31316634463c HTTP/1.1" 200 1623
::1 - - [09/Mar/2022:18:02:11 +0100] "POST /phpmyadmin/index.php?route=/ HTTP/1.1" 200 1595
